This is pdfTeX, Version 3.141592653-2.6-1.40.24 (MiKTeX 22.10) (preloaded format=pdflatex 2022.12.29)  5 JAN 2023 16:37
entering extended mode
 restricted \write18 enabled.
 %&-line parsing enabled.
**./Assignment1.tex
(Assignment1.tex
LaTeX2e <2022-11-01> patch level 1
L3 programming layer <2022-12-17>
(C:\Users\HP\Desktop\latex2\tex/latex/base\article.cls
Document Class: article 2022/07/02 v1.4n Standard LaTeX document class
(C:\Users\HP\Desktop\latex2\tex/latex/base\size10.clo
File: size10.clo 2022/07/02 v1.4n Standard LaTeX file (size option)
)
\c@part=\count185
\c@section=\count186
\c@subsection=\count187
\c@subsubsection=\count188
\c@paragraph=\count189
\c@subparagraph=\count190
\c@figure=\count191
\c@table=\count192
\abovecaptionskip=\skip48
\belowcaptionskip=\skip49
\bibindent=\dimen140
)
(C:\Users\HP\Desktop\latex2\tex/latex/l3backend\l3backend-pdftex.def
File: l3backend-pdftex.def 2022-10-26 L3 backend support: PDF output (pdfTeX)
\l__color_backend_stack_int=\count193
\l__pdf_internal_box=\box51
)
(Assignment1.aux)
\openout1 = `Assignment1.aux'.

LaTeX Font Info:    Checking defaults for OML/cmm/m/it on input line 8.
LaTeX Font Info:    ... okay on input line 8.
LaTeX Font Info:    Checking defaults for OMS/cmsy/m/n on input line 8.
LaTeX Font Info:    ... okay on input line 8.
LaTeX Font Info:    Checking defaults for OT1/cmr/m/n on input line 8.
LaTeX Font Info:    ... okay on input line 8.
LaTeX Font Info:    Checking defaults for T1/cmr/m/n on input line 8.
LaTeX Font Info:    ... okay on input line 8.
LaTeX Font Info:    Checking defaults for TS1/cmr/m/n on input line 8.
LaTeX Font Info:    ... okay on input line 8.
LaTeX Font Info:    Checking defaults for OMX/cmex/m/n on input line 8.
LaTeX Font Info:    ... okay on input line 8.
LaTeX Font Info:    Checking defaults for U/cmr/m/n on input line 8.
LaTeX Font Info:    ... okay on input line 8.
LaTeX Font Info:    External font `cmex10' loaded for size
(Font)              <12> on input line 10.
LaTeX Font Info:    External font `cmex10' loaded for size
(Font)              <8> on input line 10.
LaTeX Font Info:    External font `cmex10' loaded for size
(Font)              <6> on input line 10.
 [1

{C:/Users/HP/AppData/Local/MiKTeX/fonts/map/pdftex/pdftex.map}] (Assignment1.to
c
LaTeX Font Info:    External font `cmex10' loaded for size
(Font)              <7> on input line 1.
LaTeX Font Info:    External font `cmex10' loaded for size
(Font)              <5> on input line 1.
)
\tf@toc=\write3
\openout3 = `Assignment1.toc'.

 [2]
LaTeX Font Info:    External font `cmex10' loaded for size
(Font)              <14.4> on input line 18.
 [3] [4] (Assignment1.aux) ) 
Here is how much of TeX's memory you used:
 467 strings out of 476407
 8846 string characters out of 2798032
 1854787 words of memory out of 3000000
 20893 multiletter control sequences out of 15000+600000
 517503 words of font info for 49 fonts, out of 8000000 for 9000
 1141 hyphenation exceptions out of 8191
 34i,6n,38p,905b,194s stack positions out of 10000i,1000n,20000p,200000b,80000s
<C:/Users/HP/Desktop/latex2/fonts/type1/public/amsf
onts/cm/cmbx10.pfb><C:/Users/HP/Desktop/latex2/fonts/type1/public/amsfonts/cm/c
mbx12.pfb><C:/Users/HP/Desktop/latex2/fonts/type1/public/amsfonts/cm/cmr10.pfb>
<C:/Users/HP/Desktop/latex2/fonts/type1/public/amsfonts/cm/cmr12.pfb><C:/Users/
HP/Desktop/latex2/fonts/type1/public/amsfonts/cm/cmr17.pfb><C:/Users/HP/Desktop
/latex2/fonts/type1/public/amsfonts/cm/cmti10.pfb>
Output written on Assignment1.pdf (4 pages, 99736 bytes).
PDF statistics:
 45 PDF objects out of 1000 (max. 8388607)
 0 named destinations out of 1000 (max. 500000)
 1 words of extra memory for PDF output out of 10000 (max. 10000000)

